npm error code ERESOLVE
npm error ERESOLVE unable to resolve dependency tree
npm error
npm error While resolving: @mordis-dev/components@1.0.0
npm error Found: react@18.3.1
npm error node_modules/react
npm error   dev react@"^18.3.1" from the root project
npm error   peer react@"^16.8.0 || ^17.0.0 || ^18.0.0 || ^19.0.0-beta" from @storybook/react@8.4.7
npm error   node_modules/@storybook/react
npm error     dev @storybook/react@"8.4.7" from the root project
npm error
npm error Could not resolve dependency:
npm error peer react@"^19.0.0" from react-dom@19.0.0
npm error node_modules/react-dom
npm error   peer react-dom@"^16.8.0 || ^17.0.0 || ^18.0.0 || ^19.0.0-beta" from @storybook/react@8.4.7
npm error   node_modules/@storybook/react
npm error     dev @storybook/react@"8.4.7" from the root project
npm error
npm error Fix the upstream dependency conflict, or retry
npm error this command with --force or --legacy-peer-deps
npm error to accept an incorrect (and potentially broken) dependency resolution.
npm error
npm error
npm error For a full report see:
npm error C:\Users\irene\AppData\Local\npm-cache\_logs\2024-12-07T21_00_08_168Z-eresolve-report.txt
npm error A complete log of this run can be found in: C:\Users\irene\AppData\Local\npm-cache\_logs\2024-12-07T21_00_08_168Z-debug-0.log
